2025-11-24 15:34:23,131 | INFO | Initiate the datta ingestion
2025-11-24 15:34:25,699 | INFO | Performed train test split on the dataframe
2025-11-24 15:34:25,699 | INFO | Exited split_data_as_train_test method of Data_Ingestion class
2025-11-24 15:34:25,699 | INFO | Exporting train and test file path.
2025-11-24 15:34:26,202 | INFO | Exported train and test file path.
2025-11-24 15:34:26,202 | INFO | data initiation Completed
2025-11-24 15:34:26,202 | INFO | initiate data validation
2025-11-24 15:34:26,241 | INFO | Required number of columns: 2
2025-11-24 15:34:26,241 | INFO | Dataframe of columns : 31
2025-11-24 15:34:26,241 | INFO | Required number of columns: 2
2025-11-24 15:34:26,241 | INFO | Dataframe of columns : 31
2025-11-24 15:34:26,241 | INFO | Numerical columns exist
2025-11-24 15:34:26,427 | INFO | Initiate data validation Completed.
2025-11-24 15:34:26,427 | INFO | data transformation Started.
2025-11-24 15:34:26,427 | INFO | Entered initiate_data_transformation method of DataTransform Class
2025-11-24 15:34:26,427 | INFO | Starting data transformation
2025-11-24 15:34:26,449 | INFO | Enter get_data_transformer_object method of Transformation class
2025-11-24 15:34:26,449 | INFO | Initilise KNNImpiuter with {'missing_values': nan, 'n_neighbors': 3, 'weights': 'uniform'}
2025-11-24 15:34:26,474 | INFO | Entered the save_object method of MainUtils class
2025-11-24 15:34:26,481 | INFO | Exited the save_object method of MainUtils class
2025-11-24 15:34:26,481 | INFO | data transformation Complete.
2025-11-24 15:34:26,481 | INFO | Model training Started
2025-11-24 15:37:39,725 | INFO | Entered the save_object method of MainUtils class
2025-11-24 15:37:39,728 | INFO | Exited the save_object method of MainUtils class
2025-11-24 15:37:39,728 | INFO | Model Trainer artifact: ModelTrainerArtifact(trained_model_file_path='Artifacts\\11_24_2025_15_34_21\\model_trainer\\trained_model\\model.pkl', train_metric_artifact=ClassificationMetricArtifact(f1_score=0.9913538805818329, precision_score=0.9902458849827271, recall_score=0.9924643584521385), test_metric_artifact=ClassificationMetricArtifact(f1_score=0.9796569605105704, precision_score=0.9746031746031746, recall_score=0.9847634322373697))
2025-11-24 15:37:39,736 | INFO | model Training artifact created.
